<?xml version="1.0" encoding="UTF-8"?>
<testsuite xmlns:xsi="http://www.w3.org/2001/XMLSchema-instance" xsi:noNamespaceSchemaLocation="https://maven.apache.org/surefire/maven-surefire-plugin/xsd/surefire-test-report.xsd" name="com.aneeshd9.app.AppTest" time="0.016" tests="1" errors="0" skipped="0" failures="0">
  <properties>
    <property name="java.specification.version" value="17"/>
    <property name="sun.jnu.encoding" value="UTF-8"/>
    <property name="java.class.path" value="/home/aneeshd/Projects/comp-code/codeforces/target/test-classes:/home/aneeshd/Projects/comp-code/codeforces/target/classes:/home/aneeshd/.m2/repository/junit/junit/4.11/junit-4.11.jar:/home/aneeshd/.m2/repository/org/hamcrest/hamcrest-core/1.3/hamcrest-core-1.3.jar:"/>
    <property name="java.vm.vendor" value="Oracle Corporation"/>
    <property name="sun.arch.data.model" value="64"/>
    <property name="java.vendor.url" value="https://java.oracle.com/"/>
    <property name="os.name" value="Linux"/>
    <property name="java.vm.specification.version" value="17"/>
    <property name="sun.java.launcher" value="SUN_STANDARD"/>
    <property name="user.country" value="US"/>
    <property name="sun.boot.library.path" value="/home/aneeshd/.sdkman/candidates/java/17.0.6-oracle/lib"/>
    <property name="sun.java.command" value="/home/aneeshd/Projects/comp-code/codeforces/target/surefire/surefirebooter14559474882513315421.jar /home/aneeshd/Projects/comp-code/codeforces/target/surefire 2023-03-05T12-17-18_927-jvmRun1 surefire1659609004733382009tmp surefire_011501941797938746771tmp"/>
    <property name="jdk.debug" value="release"/>
    <property name="surefire.test.class.path" value="/home/aneeshd/Projects/comp-code/codeforces/target/test-classes:/home/aneeshd/Projects/comp-code/codeforces/target/classes:/home/aneeshd/.m2/repository/junit/junit/4.11/junit-4.11.jar:/home/aneeshd/.m2/repository/org/hamcrest/hamcrest-core/1.3/hamcrest-core-1.3.jar:"/>
    <property name="sun.cpu.endian" value="little"/>
    <property name="user.home" value="/home/aneeshd"/>
    <property name="user.language" value="en"/>
    <property name="java.specification.vendor" value="Oracle Corporation"/>
    <property name="java.version.date" value="2023-01-17"/>
    <property name="java.home" value="/home/aneeshd/.sdkman/candidates/java/17.0.6-oracle"/>
    <property name="file.separator" value="/"/>
    <property name="basedir" value="/home/aneeshd/Projects/comp-code/codeforces"/>
    <property name="java.vm.compressedOopsMode" value="Zero based"/>
    <property name="line.separator" value="&#10;"/>
    <property name="java.vm.specification.vendor" value="Oracle Corporation"/>
    <property name="java.specification.name" value="Java Platform API Specification"/>
    <property name="surefire.real.class.path" value="/home/aneeshd/Projects/comp-code/codeforces/target/surefire/surefirebooter14559474882513315421.jar"/>
    <property name="sun.management.compiler" value="HotSpot 64-Bit Tiered Compilers"/>
    <property name="java.runtime.version" value="17.0.6+9-LTS-190"/>
    <property name="user.name" value="aneeshd"/>
    <property name="path.separator" value=":"/>
    <property name="os.version" value="6.2.1-zen1-1-zen"/>
    <property name="java.runtime.name" value="Java(TM) SE Runtime Environment"/>
    <property name="file.encoding" value="UTF-8"/>
    <property name="java.vm.name" value="Java HotSpot(TM) 64-Bit Server VM"/>
    <property name="localRepository" value="/home/aneeshd/.m2/repository"/>
    <property name="java.vendor.url.bug" value="https://bugreport.java.com/bugreport/"/>
    <property name="java.io.tmpdir" value="/tmp"/>
    <property name="java.version" value="17.0.6"/>
    <property name="user.dir" value="/home/aneeshd/Projects/comp-code/codeforces"/>
    <property name="os.arch" value="amd64"/>
    <property name="java.vm.specification.name" value="Java Virtual Machine Specification"/>
    <property name="native.encoding" value="UTF-8"/>
    <property name="java.library.path" value="/usr/java/packages/lib:/usr/lib64:/lib64:/lib:/usr/lib"/>
    <property name="java.vm.info" value="mixed mode, sharing"/>
    <property name="java.vendor" value="Oracle Corporation"/>
    <property name="java.vm.version" value="17.0.6+9-LTS-190"/>
    <property name="sun.io.unicode.encoding" value="UnicodeLittle"/>
    <property name="java.class.version" value="61.0"/>
  </properties>
  <testcase name="watermelon4ATest" classname="com.aneeshd9.app.AppTest" time="0.001"/>
</testsuite>